{"/Users/manhurad/Documents/portfolio-search-indexer/src/config.ts": {"path":"/Users/manhurad/Documents/portfolio-search-indexer/src/config.ts","statementMap":{"0":{"start":{"line":3,"column":37},"end":{"line":36,"column":null}},"1":{"start":{"line":9,"column":6},"end":{"line":9,"column":null}},"2":{"start":{"line":11,"column":32},"end":{"line":11,"column":null}},"3":{"start":{"line":13,"column":2},"end":{"line":13,"column":null}},"4":{"start":{"line":13,"column":28},"end":{"line":13,"column":null}},"5":{"start":{"line":14,"column":2},"end":{"line":14,"column":null}},"6":{"start":{"line":14,"column":30},"end":{"line":14,"column":null}},"7":{"start":{"line":15,"column":2},"end":{"line":15,"column":null}},"8":{"start":{"line":15,"column":19},"end":{"line":15,"column":null}},"9":{"start":{"line":16,"column":2},"end":{"line":16,"column":null}},"10":{"start":{"line":16,"column":20},"end":{"line":16,"column":null}},"11":{"start":{"line":18,"column":2},"end":{"line":25,"column":null}},"12":{"start":{"line":19,"column":4},"end":{"line":24,"column":null}},"13":{"start":{"line":27,"column":2},"end":{"line":35,"column":null}}},"fnMap":{"0":{"name":"(anonymous_0)","decl":{"start":{"line":3,"column":37},"end":{"line":3,"column":57}},"loc":{"start":{"line":3,"column":57},"end":{"line":36,"column":null}},"line":3}},"branchMap":{"0":{"loc":{"start":{"line":13,"column":2},"end":{"line":13,"column":null}},"type":"if","locations":[{"start":{"line":13,"column":2},"end":{"line":13,"column":null}},{"start":{},"end":{}}],"line":13},"1":{"loc":{"start":{"line":14,"column":2},"end":{"line":14,"column":null}},"type":"if","locations":[{"start":{"line":14,"column":2},"end":{"line":14,"column":null}},{"start":{},"end":{}}],"line":14},"2":{"loc":{"start":{"line":15,"column":2},"end":{"line":15,"column":null}},"type":"if","locations":[{"start":{"line":15,"column":2},"end":{"line":15,"column":null}},{"start":{},"end":{}}],"line":15},"3":{"loc":{"start":{"line":16,"column":2},"end":{"line":16,"column":null}},"type":"if","locations":[{"start":{"line":16,"column":2},"end":{"line":16,"column":null}},{"start":{},"end":{}}],"line":16},"4":{"loc":{"start":{"line":18,"column":2},"end":{"line":25,"column":null}},"type":"if","locations":[{"start":{"line":18,"column":2},"end":{"line":25,"column":null}},{"start":{},"end":{}}],"line":18}},"s":{"0":2,"1":3,"2":3,"3":3,"4":1,"5":3,"6":1,"7":3,"8":1,"9":3,"10":2,"11":3,"12":2,"13":1},"f":{"0":3},"b":{"0":[1,2],"1":[1,2],"2":[1,2],"3":[2,1],"4":[2,1]},"meta":{"lastBranch":5,"lastFunction":1,"lastStatement":14,"seen":{"s:3:37:36:Infinity":0,"f:3:37:3:57":0,"s:9:6:9:Infinity":1,"s:11:32:11:Infinity":2,"b:13:2:13:Infinity:undefined:undefined:undefined:undefined":0,"s:13:2:13:Infinity":3,"s:13:28:13:Infinity":4,"b:14:2:14:Infinity:undefined:undefined:undefined:undefined":1,"s:14:2:14:Infinity":5,"s:14:30:14:Infinity":6,"b:15:2:15:Infinity:undefined:undefined:undefined:undefined":2,"s:15:2:15:Infinity":7,"s:15:19:15:Infinity":8,"b:16:2:16:Infinity:undefined:undefined:undefined:undefined":3,"s:16:2:16:Infinity":9,"s:16:20:16:Infinity":10,"b:18:2:25:Infinity:undefined:undefined:undefined:undefined":4,"s:18:2:25:Infinity":11,"s:19:4:24:Infinity":12,"s:27:2:35:Infinity":13}}}
,"/Users/manhurad/Documents/portfolio-search-indexer/src/db.ts": {"path":"/Users/manhurad/Documents/portfolio-search-indexer/src/db.ts","statementMap":{"0":{"start":{"line":4,"column":26},"end":{"line":4,"column":null}},"1":{"start":{"line":6,"column":27},"end":{"line":8,"column":null}},"2":{"start":{"line":7,"column":2},"end":{"line":7,"column":null}},"3":{"start":{"line":11,"column":2},"end":{"line":13,"column":null}},"4":{"start":{"line":12,"column":4},"end":{"line":12,"column":null}},"5":{"start":{"line":15,"column":17},"end":{"line":15,"column":null}},"6":{"start":{"line":17,"column":2},"end":{"line":17,"column":null}},"7":{"start":{"line":19,"column":2},"end":{"line":19,"column":null}},"8":{"start":{"line":21,"column":2},"end":{"line":21,"column":null}},"9":{"start":{"line":24,"column":31},"end":{"line":33,"column":null}},"10":{"start":{"line":25,"column":13},"end":{"line":25,"column":null}},"11":{"start":{"line":27,"column":23},"end":{"line":30,"column":null}},"12":{"start":{"line":32,"column":2},"end":{"line":32,"column":null}},"13":{"start":{"line":35,"column":27},"end":{"line":93,"column":null}},"14":{"start":{"line":36,"column":13},"end":{"line":36,"column":null}},"15":{"start":{"line":38,"column":19},"end":{"line":90,"column":null}},"16":{"start":{"line":92,"column":2},"end":{"line":92,"column":null}},"17":{"start":{"line":95,"column":28},"end":{"line":101,"column":null}},"18":{"start":{"line":96,"column":13},"end":{"line":96,"column":null}},"19":{"start":{"line":98,"column":20},"end":{"line":98,"column":null}},"20":{"start":{"line":100,"column":2},"end":{"line":100,"column":null}},"21":{"start":{"line":103,"column":27},"end":{"line":109,"column":null}},"22":{"start":{"line":104,"column":13},"end":{"line":104,"column":null}},"23":{"start":{"line":106,"column":19},"end":{"line":106,"column":null}},"24":{"start":{"line":108,"column":2},"end":{"line":108,"column":null}},"25":{"start":{"line":111,"column":31},"end":{"line":159,"column":null}},"26":{"start":{"line":112,"column":13},"end":{"line":112,"column":null}},"27":{"start":{"line":114,"column":17},"end":{"line":134,"column":null}},"28":{"start":{"line":136,"column":16},"end":{"line":156,"column":null}},"29":{"start":{"line":158,"column":2},"end":{"line":158,"column":null}}},"fnMap":{"0":{"name":"(anonymous_0)","decl":{"start":{"line":6,"column":27},"end":{"line":6,"column":33}},"loc":{"start":{"line":6,"column":33},"end":{"line":8,"column":null}},"line":6},"1":{"name":"connectToDatabase","decl":{"start":{"line":10,"column":22},"end":{"line":10,"column":40}},"loc":{"start":{"line":10,"column":66},"end":{"line":22,"column":null}},"line":10},"2":{"name":"(anonymous_2)","decl":{"start":{"line":24,"column":31},"end":{"line":24,"column":38}},"loc":{"start":{"line":24,"column":54},"end":{"line":33,"column":null}},"line":24},"3":{"name":"(anonymous_3)","decl":{"start":{"line":35,"column":27},"end":{"line":35,"column":34}},"loc":{"start":{"line":35,"column":50},"end":{"line":93,"column":null}},"line":35},"4":{"name":"(anonymous_4)","decl":{"start":{"line":95,"column":28},"end":{"line":95,"column":35}},"loc":{"start":{"line":95,"column":51},"end":{"line":101,"column":null}},"line":95},"5":{"name":"(anonymous_5)","decl":{"start":{"line":103,"column":27},"end":{"line":103,"column":34}},"loc":{"start":{"line":103,"column":50},"end":{"line":109,"column":null}},"line":103},"6":{"name":"(anonymous_6)","decl":{"start":{"line":111,"column":31},"end":{"line":111,"column":38}},"loc":{"start":{"line":111,"column":54},"end":{"line":159,"column":null}},"line":111}},"branchMap":{"0":{"loc":{"start":{"line":11,"column":2},"end":{"line":13,"column":null}},"type":"if","locations":[{"start":{"line":11,"column":2},"end":{"line":13,"column":null}},{"start":{},"end":{}}],"line":11}},"s":{"0":2,"1":2,"2":6,"3":7,"4":1,"5":6,"6":6,"7":6,"8":6,"9":2,"10":1,"11":1,"12":1,"13":2,"14":1,"15":1,"16":1,"17":2,"18":1,"19":1,"20":1,"21":2,"22":1,"23":1,"24":1,"25":2,"26":1,"27":1,"28":1,"29":1},"f":{"0":6,"1":7,"2":1,"3":1,"4":1,"5":1,"6":1},"b":{"0":[1,6]},"meta":{"lastBranch":1,"lastFunction":7,"lastStatement":30,"seen":{"s:4:26:4:Infinity":0,"s:6:27:8:Infinity":1,"f:6:27:6:33":0,"s:7:2:7:Infinity":2,"f:10:22:10:40":1,"b:11:2:13:Infinity:undefined:undefined:undefined:undefined":0,"s:11:2:13:Infinity":3,"s:12:4:12:Infinity":4,"s:15:17:15:Infinity":5,"s:17:2:17:Infinity":6,"s:19:2:19:Infinity":7,"s:21:2:21:Infinity":8,"s:24:31:33:Infinity":9,"f:24:31:24:38":2,"s:25:13:25:Infinity":10,"s:27:23:30:Infinity":11,"s:32:2:32:Infinity":12,"s:35:27:93:Infinity":13,"f:35:27:35:34":3,"s:36:13:36:Infinity":14,"s:38:19:90:Infinity":15,"s:92:2:92:Infinity":16,"s:95:28:101:Infinity":17,"f:95:28:95:35":4,"s:96:13:96:Infinity":18,"s:98:20:98:Infinity":19,"s:100:2:100:Infinity":20,"s:103:27:109:Infinity":21,"f:103:27:103:34":5,"s:104:13:104:Infinity":22,"s:106:19:106:Infinity":23,"s:108:2:108:Infinity":24,"s:111:31:159:Infinity":25,"f:111:31:111:38":6,"s:112:13:112:Infinity":26,"s:114:17:134:Infinity":27,"s:136:16:156:Infinity":28,"s:158:2:158:Infinity":29}}}
,"/Users/manhurad/Documents/portfolio-search-indexer/src/index.ts": {"path":"/Users/manhurad/Documents/portfolio-search-indexer/src/index.ts","statementMap":{"0":{"start":{"line":28,"column":23},"end":{"line":142,"column":null}},"1":{"start":{"line":32,"column":2},"end":{"line":32,"column":null}},"2":{"start":{"line":34,"column":2},"end":{"line":141,"column":null}},"3":{"start":{"line":35,"column":4},"end":{"line":35,"column":null}},"4":{"start":{"line":36,"column":10},"end":{"line":36,"column":null}},"5":{"start":{"line":38,"column":4},"end":{"line":41,"column":null}},"6":{"start":{"line":39,"column":6},"end":{"line":39,"column":null}},"7":{"start":{"line":40,"column":6},"end":{"line":40,"column":null}},"8":{"start":{"line":48,"column":8},"end":{"line":48,"column":null}},"9":{"start":{"line":50,"column":4},"end":{"line":50,"column":null}},"10":{"start":{"line":52,"column":6},"end":{"line":58,"column":null}},"11":{"start":{"line":60,"column":4},"end":{"line":68,"column":null}},"12":{"start":{"line":70,"column":50},"end":{"line":76,"column":null}},"13":{"start":{"line":78,"column":4},"end":{"line":81,"column":null}},"14":{"start":{"line":79,"column":6},"end":{"line":79,"column":null}},"15":{"start":{"line":80,"column":6},"end":{"line":80,"column":null}},"16":{"start":{"line":83,"column":4},"end":{"line":85,"column":null}},"17":{"start":{"line":87,"column":47},"end":{"line":91,"column":null}},"18":{"start":{"line":93,"column":4},"end":{"line":95,"column":null}},"19":{"start":{"line":96,"column":26},"end":{"line":96,"column":null}},"20":{"start":{"line":98,"column":4},"end":{"line":106,"column":null}},"21":{"start":{"line":99,"column":6},"end":{"line":101,"column":null}},"22":{"start":{"line":102,"column":6},"end":{"line":102,"column":null}},"23":{"start":{"line":103,"column":6},"end":{"line":103,"column":null}},"24":{"start":{"line":105,"column":6},"end":{"line":105,"column":null}},"25":{"start":{"line":108,"column":4},"end":{"line":110,"column":null}},"26":{"start":{"line":111,"column":4},"end":{"line":111,"column":null}},"27":{"start":{"line":112,"column":4},"end":{"line":112,"column":null}},"28":{"start":{"line":114,"column":4},"end":{"line":116,"column":null}},"29":{"start":{"line":117,"column":25},"end":{"line":117,"column":null}},"30":{"start":{"line":119,"column":4},"end":{"line":125,"column":null}},"31":{"start":{"line":120,"column":6},"end":{"line":120,"column":null}},"32":{"start":{"line":121,"column":6},"end":{"line":124,"column":null}},"33":{"start":{"line":126,"column":4},"end":{"line":126,"column":null}},"34":{"start":{"line":128,"column":4},"end":{"line":130,"column":null}},"35":{"start":{"line":131,"column":4},"end":{"line":131,"column":null}},"36":{"start":{"line":132,"column":4},"end":{"line":132,"column":null}},"37":{"start":{"line":134,"column":4},"end":{"line":134,"column":null}},"38":{"start":{"line":136,"column":25},"end":{"line":136,"column":null}},"39":{"start":{"line":137,"column":4},"end":{"line":139,"column":null}},"40":{"start":{"line":140,"column":4},"end":{"line":140,"column":null}}},"fnMap":{"0":{"name":"(anonymous_0)","decl":{"start":{"line":28,"column":23},"end":{"line":28,"column":null}},"loc":{"start":{"line":31,"column":52},"end":{"line":142,"column":null}},"line":31}},"branchMap":{"0":{"loc":{"start":{"line":38,"column":4},"end":{"line":41,"column":null}},"type":"if","locations":[{"start":{"line":38,"column":4},"end":{"line":41,"column":null}},{"start":{},"end":{}}],"line":38},"1":{"loc":{"start":{"line":78,"column":4},"end":{"line":81,"column":null}},"type":"if","locations":[{"start":{"line":78,"column":4},"end":{"line":81,"column":null}},{"start":{},"end":{}}],"line":78},"2":{"loc":{"start":{"line":98,"column":4},"end":{"line":106,"column":null}},"type":"if","locations":[{"start":{"line":98,"column":4},"end":{"line":106,"column":null}},{"start":{"line":104,"column":11},"end":{"line":106,"column":null}}],"line":98},"3":{"loc":{"start":{"line":119,"column":4},"end":{"line":125,"column":null}},"type":"if","locations":[{"start":{"line":119,"column":4},"end":{"line":125,"column":null}},{"start":{},"end":{}}],"line":119},"4":{"loc":{"start":{"line":123,"column":8},"end":{"line":123,"column":null}},"type":"binary-expr","locations":[{"start":{"line":123,"column":8},"end":{"line":123,"column":37}},{"start":{"line":123,"column":37},"end":{"line":123,"column":null}}],"line":123},"5":{"loc":{"start":{"line":136,"column":25},"end":{"line":136,"column":null}},"type":"cond-expr","locations":[{"start":{"line":136,"column":50},"end":{"line":136,"column":66}},{"start":{"line":136,"column":66},"end":{"line":136,"column":null}}],"line":136},"6":{"loc":{"start":{"line":138,"column":13},"end":{"line":138,"column":null}},"type":"cond-expr","locations":[{"start":{"line":138,"column":38},"end":{"line":138,"column":46}},{"start":{"line":138,"column":46},"end":{"line":138,"column":null}}],"line":138}},"s":{"0":1,"1":9,"2":9,"3":9,"4":9,"5":9,"6":1,"7":1,"8":8,"9":8,"10":8,"11":7,"12":7,"13":7,"14":1,"15":1,"16":6,"17":6,"18":6,"19":6,"20":6,"21":4,"22":4,"23":2,"24":2,"25":4,"26":4,"27":4,"28":4,"29":4,"30":4,"31":1,"32":1,"33":3,"34":3,"35":3,"36":3,"37":3,"38":3,"39":3,"40":3},"f":{"0":9},"b":{"0":[1,8],"1":[1,6],"2":[4,2],"3":[1,3],"4":[1,0],"5":[2,1],"6":[2,1]},"meta":{"lastBranch":7,"lastFunction":1,"lastStatement":41,"seen":{"s:28:23:142:Infinity":0,"f:28:23:28:Infinity":0,"s:32:2:32:Infinity":1,"s:34:2:141:Infinity":2,"s:35:4:35:Infinity":3,"s:36:10:36:Infinity":4,"b:38:4:41:Infinity:undefined:undefined:undefined:undefined":0,"s:38:4:41:Infinity":5,"s:39:6:39:Infinity":6,"s:40:6:40:Infinity":7,"s:48:8:48:Infinity":8,"s:50:4:50:Infinity":9,"s:52:6:58:Infinity":10,"s:60:4:68:Infinity":11,"s:70:50:76:Infinity":12,"b:78:4:81:Infinity:undefined:undefined:undefined:undefined":1,"s:78:4:81:Infinity":13,"s:79:6:79:Infinity":14,"s:80:6:80:Infinity":15,"s:83:4:85:Infinity":16,"s:87:47:91:Infinity":17,"s:93:4:95:Infinity":18,"s:96:26:96:Infinity":19,"b:98:4:106:Infinity:104:11:106:Infinity":2,"s:98:4:106:Infinity":20,"s:99:6:101:Infinity":21,"s:102:6:102:Infinity":22,"s:103:6:103:Infinity":23,"s:105:6:105:Infinity":24,"s:108:4:110:Infinity":25,"s:111:4:111:Infinity":26,"s:112:4:112:Infinity":27,"s:114:4:116:Infinity":28,"s:117:25:117:Infinity":29,"b:119:4:125:Infinity:undefined:undefined:undefined:undefined":3,"s:119:4:125:Infinity":30,"s:120:6:120:Infinity":31,"s:121:6:124:Infinity":32,"b:123:8:123:37:123:37:123:Infinity":4,"s:126:4:126:Infinity":33,"s:128:4:130:Infinity":34,"s:131:4:131:Infinity":35,"s:132:4:132:Infinity":36,"s:134:4:134:Infinity":37,"s:136:25:136:Infinity":38,"b:136:50:136:66:136:66:136:Infinity":5,"s:137:4:139:Infinity":39,"b:138:38:138:46:138:46:138:Infinity":6,"s:140:4:140:Infinity":40}}}
,"/Users/manhurad/Documents/portfolio-search-indexer/src/logger.ts": {"path":"/Users/manhurad/Documents/portfolio-search-indexer/src/logger.ts","statementMap":{"0":{"start":{"line":4,"column":26},"end":{"line":9,"column":null}},"1":{"start":{"line":5,"column":2},"end":{"line":8,"column":null}},"2":{"start":{"line":11,"column":22},"end":{"line":11,"column":null}}},"fnMap":{"0":{"name":"(anonymous_0)","decl":{"start":{"line":4,"column":26},"end":{"line":4,"column":27}},"loc":{"start":{"line":4,"column":63},"end":{"line":9,"column":null}},"line":4}},"branchMap":{"0":{"loc":{"start":{"line":7,"column":15},"end":{"line":7,"column":null}},"type":"binary-expr","locations":[{"start":{"line":7,"column":15},"end":{"line":7,"column":33}},{"start":{"line":7,"column":33},"end":{"line":7,"column":58}},{"start":{"line":7,"column":58},"end":{"line":7,"column":null}}],"line":7}},"s":{"0":1,"1":4,"2":1},"f":{"0":4},"b":{"0":[4,3,2]},"meta":{"lastBranch":1,"lastFunction":1,"lastStatement":3,"seen":{"s:4:26:9:Infinity":0,"f:4:26:4:27":0,"s:5:2:8:Infinity":1,"b:7:15:7:33:7:33:7:58:7:58:7:Infinity":0,"s:11:22:11:Infinity":2}}}
,"/Users/manhurad/Documents/portfolio-search-indexer/src/open-search.ts": {"path":"/Users/manhurad/Documents/portfolio-search-indexer/src/open-search.ts","statementMap":{"0":{"start":{"line":7,"column":44},"end":{"line":7,"column":null}},"1":{"start":{"line":9,"column":25},"end":{"line":27,"column":null}},"2":{"start":{"line":16,"column":2},"end":{"line":25,"column":null}},"3":{"start":{"line":17,"column":4},"end":{"line":24,"column":null}},"4":{"start":{"line":21,"column":24},"end":{"line":21,"column":null}},"5":{"start":{"line":26,"column":2},"end":{"line":26,"column":null}},"6":{"start":{"line":29,"column":32},"end":{"line":36,"column":null}},"7":{"start":{"line":30,"column":34},"end":{"line":30,"column":null}},"8":{"start":{"line":31,"column":19},"end":{"line":31,"column":null}},"9":{"start":{"line":32,"column":27},"end":{"line":34,"column":null}},"10":{"start":{"line":35,"column":2},"end":{"line":35,"column":null}},"11":{"start":{"line":38,"column":27},"end":{"line":66,"column":null}},"12":{"start":{"line":39,"column":34},"end":{"line":39,"column":null}},"13":{"start":{"line":40,"column":19},"end":{"line":40,"column":null}},"14":{"start":{"line":41,"column":2},"end":{"line":65,"column":null}},"15":{"start":{"line":68,"column":27},"end":{"line":73,"column":null}},"16":{"start":{"line":69,"column":34},"end":{"line":69,"column":null}},"17":{"start":{"line":70,"column":19},"end":{"line":70,"column":null}},"18":{"start":{"line":71,"column":2},"end":{"line":71,"column":null}},"19":{"start":{"line":72,"column":2},"end":{"line":72,"column":null}},"20":{"start":{"line":75,"column":28},"end":{"line":80,"column":null}},"21":{"start":{"line":76,"column":34},"end":{"line":76,"column":null}},"22":{"start":{"line":77,"column":19},"end":{"line":77,"column":null}},"23":{"start":{"line":78,"column":2},"end":{"line":78,"column":null}},"24":{"start":{"line":79,"column":2},"end":{"line":79,"column":null}},"25":{"start":{"line":82,"column":26},"end":{"line":117,"column":null}},"26":{"start":{"line":86,"column":34},"end":{"line":86,"column":null}},"27":{"start":{"line":87,"column":19},"end":{"line":87,"column":null}},"28":{"start":{"line":88,"column":21},"end":{"line":88,"column":null}},"29":{"start":{"line":89,"column":19},"end":{"line":89,"column":null}},"30":{"start":{"line":93,"column":2},"end":{"line":105,"column":null}},"31":{"start":{"line":94,"column":4},"end":{"line":104,"column":null}},"32":{"start":{"line":95,"column":6},"end":{"line":99,"column":null}},"33":{"start":{"line":100,"column":6},"end":{"line":100,"column":null}},"34":{"start":{"line":102,"column":6},"end":{"line":102,"column":null}},"35":{"start":{"line":103,"column":6},"end":{"line":103,"column":null}},"36":{"start":{"line":107,"column":2},"end":{"line":112,"column":null}},"37":{"start":{"line":108,"column":4},"end":{"line":111,"column":null}},"38":{"start":{"line":114,"column":2},"end":{"line":116,"column":null}}},"fnMap":{"0":{"name":"(anonymous_0)","decl":{"start":{"line":9,"column":25},"end":{"line":9,"column":26}},"loc":{"start":{"line":15,"column":6},"end":{"line":27,"column":null}},"line":15},"1":{"name":"(anonymous_1)","decl":{"start":{"line":21,"column":24},"end":{"line":21,"column":30}},"loc":{"start":{"line":21,"column":24},"end":{"line":21,"column":null}},"line":21},"2":{"name":"(anonymous_2)","decl":{"start":{"line":29,"column":32},"end":{"line":29,"column":39}},"loc":{"start":{"line":29,"column":73},"end":{"line":36,"column":null}},"line":29},"3":{"name":"(anonymous_3)","decl":{"start":{"line":38,"column":27},"end":{"line":38,"column":34}},"loc":{"start":{"line":38,"column":68},"end":{"line":66,"column":null}},"line":38},"4":{"name":"(anonymous_4)","decl":{"start":{"line":68,"column":27},"end":{"line":68,"column":34}},"loc":{"start":{"line":68,"column":68},"end":{"line":73,"column":null}},"line":68},"5":{"name":"(anonymous_5)","decl":{"start":{"line":75,"column":28},"end":{"line":75,"column":35}},"loc":{"start":{"line":75,"column":69},"end":{"line":80,"column":null}},"line":75},"6":{"name":"(anonymous_6)","decl":{"start":{"line":82,"column":26},"end":{"line":82,"column":null}},"loc":{"start":{"line":85,"column":5},"end":{"line":117,"column":null}},"line":85}},"branchMap":{"0":{"loc":{"start":{"line":16,"column":2},"end":{"line":25,"column":null}},"type":"if","locations":[{"start":{"line":16,"column":2},"end":{"line":25,"column":null}},{"start":{},"end":{}}],"line":16},"1":{"loc":{"start":{"line":107,"column":2},"end":{"line":112,"column":null}},"type":"if","locations":[{"start":{"line":107,"column":2},"end":{"line":112,"column":null}},{"start":{},"end":{}}],"line":107}},"s":{"0":2,"1":2,"2":6,"3":1,"4":0,"5":6,"6":2,"7":1,"8":1,"9":1,"10":1,"11":2,"12":1,"13":1,"14":1,"15":2,"16":1,"17":1,"18":1,"19":1,"20":2,"21":1,"22":1,"23":1,"24":1,"25":2,"26":2,"27":2,"28":2,"29":2,"30":2,"31":4,"32":4,"33":3,"34":1,"35":1,"36":2,"37":1,"38":1},"f":{"0":6,"1":0,"2":1,"3":1,"4":1,"5":1,"6":2},"b":{"0":[1,5],"1":[1,1]},"meta":{"lastBranch":2,"lastFunction":7,"lastStatement":39,"seen":{"s:7:44:7:Infinity":0,"s:9:25:27:Infinity":1,"f:9:25:9:26":0,"b:16:2:25:Infinity:undefined:undefined:undefined:undefined":0,"s:16:2:25:Infinity":2,"s:17:4:24:Infinity":3,"f:21:24:21:30":1,"s:21:24:21:Infinity":4,"s:26:2:26:Infinity":5,"s:29:32:36:Infinity":6,"f:29:32:29:39":2,"s:30:34:30:Infinity":7,"s:31:19:31:Infinity":8,"s:32:27:34:Infinity":9,"s:35:2:35:Infinity":10,"s:38:27:66:Infinity":11,"f:38:27:38:34":3,"s:39:34:39:Infinity":12,"s:40:19:40:Infinity":13,"s:41:2:65:Infinity":14,"s:68:27:73:Infinity":15,"f:68:27:68:34":4,"s:69:34:69:Infinity":16,"s:70:19:70:Infinity":17,"s:71:2:71:Infinity":18,"s:72:2:72:Infinity":19,"s:75:28:80:Infinity":20,"f:75:28:75:35":5,"s:76:34:76:Infinity":21,"s:77:19:77:Infinity":22,"s:78:2:78:Infinity":23,"s:79:2:79:Infinity":24,"s:82:26:117:Infinity":25,"f:82:26:82:Infinity":6,"s:86:34:86:Infinity":26,"s:87:19:87:Infinity":27,"s:88:21:88:Infinity":28,"s:89:19:89:Infinity":29,"s:93:2:105:Infinity":30,"s:94:4:104:Infinity":31,"s:95:6:99:Infinity":32,"s:100:6:100:Infinity":33,"s:102:6:102:Infinity":34,"s:103:6:103:Infinity":35,"b:107:2:112:Infinity:undefined:undefined:undefined:undefined":1,"s:107:2:112:Infinity":36,"s:108:4:111:Infinity":37,"s:114:2:116:Infinity":38}}}
,"/Users/manhurad/Documents/portfolio-search-indexer/src/response.ts": {"path":"/Users/manhurad/Documents/portfolio-search-indexer/src/response.ts","statementMap":{"0":{"start":{"line":3,"column":24},"end":{"line":5,"column":null}},"1":{"start":{"line":7,"column":29},"end":{"line":16,"column":null}},"2":{"start":{"line":11,"column":2},"end":{"line":15,"column":null}},"3":{"start":{"line":18,"column":31},"end":{"line":22,"column":null}},"4":{"start":{"line":21,"column":2},"end":{"line":21,"column":null}},"5":{"start":{"line":24,"column":29},"end":{"line":29,"column":null}},"6":{"start":{"line":28,"column":2},"end":{"line":28,"column":null}}},"fnMap":{"0":{"name":"(anonymous_0)","decl":{"start":{"line":7,"column":29},"end":{"line":7,"column":null}},"loc":{"start":{"line":10,"column":21},"end":{"line":16,"column":null}},"line":10},"1":{"name":"(anonymous_1)","decl":{"start":{"line":18,"column":31},"end":{"line":18,"column":null}},"loc":{"start":{"line":20,"column":21},"end":{"line":22,"column":null}},"line":20},"2":{"name":"(anonymous_2)","decl":{"start":{"line":24,"column":29},"end":{"line":24,"column":null}},"loc":{"start":{"line":27,"column":21},"end":{"line":29,"column":null}},"line":27}},"branchMap":{"0":{"loc":{"start":{"line":19,"column":2},"end":{"line":19,"column":null}},"type":"default-arg","locations":[{"start":{"line":19,"column":20},"end":{"line":19,"column":null}}],"line":19}},"s":{"0":2,"1":2,"2":14,"3":2,"4":6,"5":2,"6":7},"f":{"0":14,"1":6,"2":7},"b":{"0":[6]},"meta":{"lastBranch":1,"lastFunction":3,"lastStatement":7,"seen":{"s:3:24:5:Infinity":0,"s:7:29:16:Infinity":1,"f:7:29:7:Infinity":0,"s:11:2:15:Infinity":2,"s:18:31:22:Infinity":3,"f:18:31:18:Infinity":1,"b:19:20:19:Infinity":0,"s:21:2:21:Infinity":4,"s:24:29:29:Infinity":5,"f:24:29:24:Infinity":2,"s:28:2:28:Infinity":6}}}
,"/Users/manhurad/Documents/portfolio-search-indexer/src/transformers.ts": {"path":"/Users/manhurad/Documents/portfolio-search-indexer/src/transformers.ts","statementMap":{"0":{"start":{"line":11,"column":32},"end":{"line":38,"column":null}},"1":{"start":{"line":12,"column":15},"end":{"line":12,"column":null}},"2":{"start":{"line":13,"column":19},"end":{"line":13,"column":null}},"3":{"start":{"line":14,"column":27},"end":{"line":14,"column":null}},"4":{"start":{"line":15,"column":17},"end":{"line":15,"column":null}},"5":{"start":{"line":16,"column":16},"end":{"line":16,"column":null}},"6":{"start":{"line":17,"column":23},"end":{"line":17,"column":null}},"7":{"start":{"line":19,"column":2},"end":{"line":37,"column":null}},"8":{"start":{"line":40,"column":36},"end":{"line":60,"column":null}},"9":{"start":{"line":43,"column":16},"end":{"line":43,"column":null}},"10":{"start":{"line":45,"column":2},"end":{"line":59,"column":null}},"11":{"start":{"line":62,"column":33},"end":{"line":73,"column":null}},"12":{"start":{"line":63,"column":16},"end":{"line":63,"column":null}},"13":{"start":{"line":65,"column":2},"end":{"line":72,"column":null}},"14":{"start":{"line":75,"column":32},"end":{"line":93,"column":null}},"15":{"start":{"line":76,"column":20},"end":{"line":76,"column":null}},"16":{"start":{"line":76,"column":50},"end":{"line":76,"column":57}},"17":{"start":{"line":77,"column":18},"end":{"line":77,"column":null}},"18":{"start":{"line":79,"column":2},"end":{"line":92,"column":null}},"19":{"start":{"line":95,"column":35},"end":{"line":118,"column":null}},"20":{"start":{"line":96,"column":17},"end":{"line":96,"column":null}},"21":{"start":{"line":98,"column":23},"end":{"line":98,"column":null}},"22":{"start":{"line":99,"column":21},"end":{"line":99,"column":null}},"23":{"start":{"line":101,"column":17},"end":{"line":101,"column":null}},"24":{"start":{"line":102,"column":2},"end":{"line":102,"column":null}},"25":{"start":{"line":102,"column":18},"end":{"line":102,"column":null}},"26":{"start":{"line":104,"column":2},"end":{"line":117,"column":null}}},"fnMap":{"0":{"name":"(anonymous_0)","decl":{"start":{"line":11,"column":32},"end":{"line":11,"column":33}},"loc":{"start":{"line":11,"column":74},"end":{"line":38,"column":null}},"line":11},"1":{"name":"(anonymous_1)","decl":{"start":{"line":40,"column":36},"end":{"line":40,"column":null}},"loc":{"start":{"line":42,"column":25},"end":{"line":60,"column":null}},"line":42},"2":{"name":"(anonymous_2)","decl":{"start":{"line":62,"column":33},"end":{"line":62,"column":34}},"loc":{"start":{"line":62,"column":77},"end":{"line":73,"column":null}},"line":62},"3":{"name":"(anonymous_3)","decl":{"start":{"line":75,"column":32},"end":{"line":75,"column":33}},"loc":{"start":{"line":75,"column":74},"end":{"line":93,"column":null}},"line":75},"4":{"name":"(anonymous_4)","decl":{"start":{"line":76,"column":43},"end":{"line":76,"column":44}},"loc":{"start":{"line":76,"column":50},"end":{"line":76,"column":57}},"line":76},"5":{"name":"(anonymous_5)","decl":{"start":{"line":95,"column":35},"end":{"line":95,"column":36}},"loc":{"start":{"line":95,"column":77},"end":{"line":118,"column":null}},"line":95}},"branchMap":{"0":{"loc":{"start":{"line":12,"column":15},"end":{"line":12,"column":null}},"type":"binary-expr","locations":[{"start":{"line":12,"column":15},"end":{"line":12,"column":42}},{"start":{"line":12,"column":42},"end":{"line":12,"column":null}}],"line":12},"1":{"loc":{"start":{"line":13,"column":19},"end":{"line":13,"column":null}},"type":"binary-expr","locations":[{"start":{"line":13,"column":19},"end":{"line":13,"column":50}},{"start":{"line":13,"column":50},"end":{"line":13,"column":null}}],"line":13},"2":{"loc":{"start":{"line":14,"column":27},"end":{"line":14,"column":null}},"type":"binary-expr","locations":[{"start":{"line":14,"column":27},"end":{"line":14,"column":66}},{"start":{"line":14,"column":66},"end":{"line":14,"column":null}}],"line":14},"3":{"loc":{"start":{"line":15,"column":17},"end":{"line":15,"column":null}},"type":"binary-expr","locations":[{"start":{"line":15,"column":17},"end":{"line":15,"column":46}},{"start":{"line":15,"column":46},"end":{"line":15,"column":null}}],"line":15},"4":{"loc":{"start":{"line":16,"column":16},"end":{"line":16,"column":null}},"type":"binary-expr","locations":[{"start":{"line":16,"column":16},"end":{"line":16,"column":44}},{"start":{"line":16,"column":44},"end":{"line":16,"column":null}}],"line":16},"5":{"loc":{"start":{"line":17,"column":23},"end":{"line":17,"column":null}},"type":"binary-expr","locations":[{"start":{"line":17,"column":23},"end":{"line":17,"column":58}},{"start":{"line":17,"column":58},"end":{"line":17,"column":null}}],"line":17},"6":{"loc":{"start":{"line":25,"column":8},"end":{"line":25,"column":null}},"type":"binary-expr","locations":[{"start":{"line":25,"column":8},"end":{"line":25,"column":24}},{"start":{"line":25,"column":24},"end":{"line":25,"column":null}}],"line":25},"7":{"loc":{"start":{"line":48,"column":11},"end":{"line":48,"column":null}},"type":"binary-expr","locations":[{"start":{"line":48,"column":11},"end":{"line":48,"column":32}},{"start":{"line":48,"column":32},"end":{"line":48,"column":null}}],"line":48},"8":{"loc":{"start":{"line":52,"column":8},"end":{"line":52,"column":37}},"type":"binary-expr","locations":[{"start":{"line":52,"column":8},"end":{"line":52,"column":35}},{"start":{"line":52,"column":35},"end":{"line":52,"column":37}}],"line":52},"9":{"loc":{"start":{"line":53,"column":18},"end":{"line":53,"column":56}},"type":"binary-expr","locations":[{"start":{"line":53,"column":18},"end":{"line":53,"column":54}},{"start":{"line":53,"column":54},"end":{"line":53,"column":56}}],"line":53},"10":{"loc":{"start":{"line":54,"column":16},"end":{"line":54,"column":52}},"type":"binary-expr","locations":[{"start":{"line":54,"column":16},"end":{"line":54,"column":50}},{"start":{"line":54,"column":50},"end":{"line":54,"column":52}}],"line":54},"11":{"loc":{"start":{"line":55,"column":15},"end":{"line":55,"column":50}},"type":"binary-expr","locations":[{"start":{"line":55,"column":15},"end":{"line":55,"column":48}},{"start":{"line":55,"column":48},"end":{"line":55,"column":50}}],"line":55},"12":{"loc":{"start":{"line":68,"column":24},"end":{"line":68,"column":53}},"type":"binary-expr","locations":[{"start":{"line":68,"column":24},"end":{"line":68,"column":44}},{"start":{"line":68,"column":44},"end":{"line":68,"column":53}}],"line":68},"13":{"loc":{"start":{"line":71,"column":21},"end":{"line":71,"column":null}},"type":"binary-expr","locations":[{"start":{"line":71,"column":21},"end":{"line":71,"column":40}},{"start":{"line":71,"column":40},"end":{"line":71,"column":null}}],"line":71},"14":{"loc":{"start":{"line":76,"column":20},"end":{"line":76,"column":null}},"type":"binary-expr","locations":[{"start":{"line":76,"column":20},"end":{"line":76,"column":73}},{"start":{"line":76,"column":73},"end":{"line":76,"column":null}}],"line":76},"15":{"loc":{"start":{"line":77,"column":18},"end":{"line":77,"column":null}},"type":"binary-expr","locations":[{"start":{"line":77,"column":18},"end":{"line":77,"column":58}},{"start":{"line":77,"column":58},"end":{"line":77,"column":null}}],"line":77},"16":{"loc":{"start":{"line":84,"column":8},"end":{"line":84,"column":null}},"type":"binary-expr","locations":[{"start":{"line":84,"column":8},"end":{"line":84,"column":24}},{"start":{"line":84,"column":24},"end":{"line":84,"column":null}}],"line":84},"17":{"loc":{"start":{"line":98,"column":23},"end":{"line":98,"column":null}},"type":"cond-expr","locations":[{"start":{"line":98,"column":32},"end":{"line":98,"column":46}},{"start":{"line":98,"column":46},"end":{"line":98,"column":null}}],"line":98},"18":{"loc":{"start":{"line":99,"column":21},"end":{"line":99,"column":null}},"type":"cond-expr","locations":[{"start":{"line":99,"column":30},"end":{"line":99,"column":43}},{"start":{"line":99,"column":43},"end":{"line":99,"column":null}}],"line":99},"19":{"loc":{"start":{"line":102,"column":2},"end":{"line":102,"column":null}},"type":"if","locations":[{"start":{"line":102,"column":2},"end":{"line":102,"column":null}},{"start":{},"end":{}}],"line":102},"20":{"loc":{"start":{"line":109,"column":8},"end":{"line":109,"column":null}},"type":"binary-expr","locations":[{"start":{"line":109,"column":8},"end":{"line":109,"column":21}},{"start":{"line":109,"column":21},"end":{"line":109,"column":null}}],"line":109},"21":{"loc":{"start":{"line":113,"column":24},"end":{"line":113,"column":40}},"type":"binary-expr","locations":[{"start":{"line":113,"column":24},"end":{"line":113,"column":38}},{"start":{"line":113,"column":38},"end":{"line":113,"column":40}}],"line":113}},"s":{"0":1,"1":2,"2":2,"3":2,"4":2,"5":2,"6":2,"7":2,"8":1,"9":2,"10":2,"11":1,"12":2,"13":2,"14":1,"15":2,"16":2,"17":2,"18":2,"19":1,"20":3,"21":3,"22":3,"23":3,"24":3,"25":2,"26":3},"f":{"0":2,"1":2,"2":2,"3":2,"4":2,"5":3},"b":{"0":[2,1],"1":[2,1],"2":[2,1],"3":[2,1],"4":[2,1],"5":[2,1],"6":[2,1],"7":[2,1],"8":[2,1],"9":[2,1],"10":[2,1],"11":[2,1],"12":[2,1],"13":[2,0],"14":[2,1],"15":[2,1],"16":[2,0],"17":[1,2],"18":[1,2],"19":[2,1],"20":[3,0],"21":[3,1]},"meta":{"lastBranch":22,"lastFunction":6,"lastStatement":27,"seen":{"s:11:32:38:Infinity":0,"f:11:32:11:33":0,"s:12:15:12:Infinity":1,"b:12:15:12:42:12:42:12:Infinity":0,"s:13:19:13:Infinity":2,"b:13:19:13:50:13:50:13:Infinity":1,"s:14:27:14:Infinity":3,"b:14:27:14:66:14:66:14:Infinity":2,"s:15:17:15:Infinity":4,"b:15:17:15:46:15:46:15:Infinity":3,"s:16:16:16:Infinity":5,"b:16:16:16:44:16:44:16:Infinity":4,"s:17:23:17:Infinity":6,"b:17:23:17:58:17:58:17:Infinity":5,"s:19:2:37:Infinity":7,"b:25:8:25:24:25:24:25:Infinity":6,"s:40:36:60:Infinity":8,"f:40:36:40:Infinity":1,"s:43:16:43:Infinity":9,"s:45:2:59:Infinity":10,"b:48:11:48:32:48:32:48:Infinity":7,"b:52:8:52:35:52:35:52:37":8,"b:53:18:53:54:53:54:53:56":9,"b:54:16:54:50:54:50:54:52":10,"b:55:15:55:48:55:48:55:50":11,"s:62:33:73:Infinity":11,"f:62:33:62:34":2,"s:63:16:63:Infinity":12,"s:65:2:72:Infinity":13,"b:68:24:68:44:68:44:68:53":12,"b:71:21:71:40:71:40:71:Infinity":13,"s:75:32:93:Infinity":14,"f:75:32:75:33":3,"s:76:20:76:Infinity":15,"b:76:20:76:73:76:73:76:Infinity":14,"f:76:43:76:44":4,"s:76:50:76:57":16,"s:77:18:77:Infinity":17,"b:77:18:77:58:77:58:77:Infinity":15,"s:79:2:92:Infinity":18,"b:84:8:84:24:84:24:84:Infinity":16,"s:95:35:118:Infinity":19,"f:95:35:95:36":5,"s:96:17:96:Infinity":20,"s:98:23:98:Infinity":21,"b:98:32:98:46:98:46:98:Infinity":17,"s:99:21:99:Infinity":22,"b:99:30:99:43:99:43:99:Infinity":18,"s:101:17:101:Infinity":23,"b:102:2:102:Infinity:undefined:undefined:undefined:undefined":19,"s:102:2:102:Infinity":24,"s:102:18:102:Infinity":25,"s:104:2:117:Infinity":26,"b:109:8:109:21:109:21:109:Infinity":20,"b:113:24:113:38:113:38:113:40":21}}}
,"/Users/manhurad/Documents/portfolio-search-indexer/src/types/achievement.ts": {"path":"/Users/manhurad/Documents/portfolio-search-indexer/src/types/achievement.ts","statementMap":{},"fnMap":{},"branchMap":{},"s":{},"f":{},"b":{},"meta":{"lastBranch":0,"lastFunction":0,"lastStatement":0,"seen":{}}}
,"/Users/manhurad/Documents/portfolio-search-indexer/src/types/app-config.ts": {"path":"/Users/manhurad/Documents/portfolio-search-indexer/src/types/app-config.ts","statementMap":{},"fnMap":{},"branchMap":{},"s":{},"f":{},"b":{},"meta":{"lastBranch":0,"lastFunction":0,"lastStatement":0,"seen":{}}}
,"/Users/manhurad/Documents/portfolio-search-indexer/src/types/company.ts": {"path":"/Users/manhurad/Documents/portfolio-search-indexer/src/types/company.ts","statementMap":{},"fnMap":{},"branchMap":{},"s":{},"f":{},"b":{},"meta":{"lastBranch":0,"lastFunction":0,"lastStatement":0,"seen":{}}}
,"/Users/manhurad/Documents/portfolio-search-indexer/src/types/config-result.ts": {"path":"/Users/manhurad/Documents/portfolio-search-indexer/src/types/config-result.ts","statementMap":{},"fnMap":{},"branchMap":{},"s":{},"f":{},"b":{},"meta":{"lastBranch":0,"lastFunction":0,"lastStatement":0,"seen":{}}}
,"/Users/manhurad/Documents/portfolio-search-indexer/src/types/feedback.ts": {"path":"/Users/manhurad/Documents/portfolio-search-indexer/src/types/feedback.ts","statementMap":{},"fnMap":{},"branchMap":{},"s":{},"f":{},"b":{},"meta":{"lastBranch":0,"lastFunction":0,"lastStatement":0,"seen":{}}}
,"/Users/manhurad/Documents/portfolio-search-indexer/src/types/index.ts": {"path":"/Users/manhurad/Documents/portfolio-search-indexer/src/types/index.ts","statementMap":{},"fnMap":{},"branchMap":{},"s":{},"f":{},"b":{},"meta":{"lastBranch":0,"lastFunction":0,"lastStatement":0,"seen":{}}}
,"/Users/manhurad/Documents/portfolio-search-indexer/src/types/lambda-response.ts": {"path":"/Users/manhurad/Documents/portfolio-search-indexer/src/types/lambda-response.ts","statementMap":{},"fnMap":{},"branchMap":{},"s":{},"f":{},"b":{},"meta":{"lastBranch":0,"lastFunction":0,"lastStatement":0,"seen":{}}}
,"/Users/manhurad/Documents/portfolio-search-indexer/src/types/open-search-document.ts": {"path":"/Users/manhurad/Documents/portfolio-search-indexer/src/types/open-search-document.ts","statementMap":{},"fnMap":{},"branchMap":{},"s":{},"f":{},"b":{},"meta":{"lastBranch":0,"lastFunction":0,"lastStatement":0,"seen":{}}}
,"/Users/manhurad/Documents/portfolio-search-indexer/src/types/open-search-index-config.ts": {"path":"/Users/manhurad/Documents/portfolio-search-indexer/src/types/open-search-index-config.ts","statementMap":{},"fnMap":{},"branchMap":{},"s":{},"f":{},"b":{},"meta":{"lastBranch":0,"lastFunction":0,"lastStatement":0,"seen":{}}}
,"/Users/manhurad/Documents/portfolio-search-indexer/src/types/project.ts": {"path":"/Users/manhurad/Documents/portfolio-search-indexer/src/types/project.ts","statementMap":{},"fnMap":{},"branchMap":{},"s":{},"f":{},"b":{},"meta":{"lastBranch":0,"lastFunction":0,"lastStatement":0,"seen":{}}}
,"/Users/manhurad/Documents/portfolio-search-indexer/src/types/search-entity-type.ts": {"path":"/Users/manhurad/Documents/portfolio-search-indexer/src/types/search-entity-type.ts","statementMap":{"0":{"start":{"line":1,"column":7},"end":{"line":1,"column":null}},"1":{"start":{"line":2,"column":2},"end":{"line":2,"column":null}},"2":{"start":{"line":3,"column":2},"end":{"line":3,"column":null}},"3":{"start":{"line":4,"column":2},"end":{"line":4,"column":null}},"4":{"start":{"line":5,"column":2},"end":{"line":5,"column":null}},"5":{"start":{"line":6,"column":2},"end":{"line":6,"column":null}},"6":{"start":{"line":1,"column":12},"end":{"line":1,"column":null}}},"fnMap":{"0":{"name":"(anonymous_0)","decl":{"start":{"line":1,"column":7},"end":{"line":1,"column":12}},"loc":{"start":{"line":1,"column":7},"end":{"line":1,"column":null}},"line":1}},"branchMap":{"0":{"loc":{"start":{"line":1,"column":12},"end":{"line":1,"column":null}},"type":"binary-expr","locations":[{"start":{"line":1,"column":12},"end":{"line":1,"column":null}},{"start":{"line":1,"column":12},"end":{"line":1,"column":null}}],"line":1}},"s":{"0":2,"1":2,"2":2,"3":2,"4":2,"5":2,"6":2},"f":{"0":2},"b":{"0":[2,2]},"meta":{"lastBranch":1,"lastFunction":1,"lastStatement":7,"seen":{"s:1:7:1:Infinity":0,"f:1:7:1:12":0,"s:2:2:2:Infinity":1,"s:3:2:3:Infinity":2,"s:4:2:4:Infinity":3,"s:5:2:5:Infinity":4,"s:6:2:6:Infinity":5,"s:1:12:1:Infinity":6,"b:1:12:1:Infinity:1:12:1:Infinity":0}}}
,"/Users/manhurad/Documents/portfolio-search-indexer/src/types/technology.ts": {"path":"/Users/manhurad/Documents/portfolio-search-indexer/src/types/technology.ts","statementMap":{},"fnMap":{},"branchMap":{},"s":{},"f":{},"b":{},"meta":{"lastBranch":0,"lastFunction":0,"lastStatement":0,"seen":{}}}
}
